# JRE version: OpenJDK Runtime Environment Microsoft-25199 (11.0.12+7) (build 11.0.12+7)
# Java VM: OpenJDK 64-Bit Server VM Microsoft-25199 (11.0.12+7, mixed mode, tiered, compressed oops, g1 gc, windows-amd64)
Heap:
 garbage-first heap   total 126976K, used 80360K [0x0000000080000000, 0x0000000100000000)
  region size 1024K, 53 young (54272K), 5 survivors (5120K)
 Metaspace       used 56539K, capacity 57923K, committed 58060K, reserved 567296K
  class space    used 7341K, capacity 7929K, committed 7936K, reserved 516096K
GC Heap History (18 events):
Event: 3.026 GC heap before
{Heap before GC invocations=0 (full 0):
 garbage-first heap   total 126976K, used 29696K [0x0000000080000000, 0x0000000100000000)
  region size 1024K, 24 young (24576K), 0 survivors (0K)
 Metaspace       used 9743K, capacity 9904K, committed 10112K, reserved 526336K
  class space    used 1008K, capacity 1069K, committed 1152K, reserved 516096K
}
Event: 3.044 GC heap after
{Heap after GC invocations=1 (full 0):
 garbage-first heap   total 126976K, used 9399K [0x0000000080000000, 0x0000000100000000)
  region size 1024K, 3 young (3072K), 3 survivors (3072K)
 Metaspace       used 9743K, capacity 9904K, committed 10112K, reserved 526336K
  class space    used 1008K, capacity 1069K, committed 1152K, reserved 516096K
}
Event: 7.118 GC heap before
{Heap before GC invocations=1 (full 0):
 garbage-first heap   total 126976K, used 83127K [0x0000000080000000, 0x0000000100000000)
  region size 1024K, 74 young (75776K), 3 survivors (3072K)
 Metaspace       used 17095K, capacity 17464K, committed 17792K, reserved 532480K
  class space    used 1974K, capacity 2098K, committed 2176K, reserved 516096K
}
Event: 7.128 GC heap after
{Heap after GC invocations=2 (full 0):
 garbage-first heap   total 126976K, used 16359K [0x0000000080000000, 0x0000000100000000)
  region size 1024K, 10 young (10240K), 10 survivors (10240K)
 Metaspace       used 17095K, capacity 17464K, committed 17792K, reserved 532480K
  class space    used 1974K, capacity 2098K, committed 2176K, reserved 516096K
}
Event: 7.728 GC heap before
{Heap before GC invocations=2 (full 0):
 garbage-first heap   total 126976K, used 45031K [0x0000000080000000, 0x0000000100000000)
  region size 1024K, 40 young (40960K), 10 survivors (10240K)
 Metaspace       used 20671K, capacity 21073K, committed 21248K, reserved 534528K
  class space    used 2506K, capacity 2690K, committed 2816K, reserved 516096K
}
Event: 7.738 GC heap after
{Heap after GC invocations=3 (full 0):
 garbage-first heap   total 126976K, used 17497K [0x0000000080000000, 0x0000000100000000)
  region size 1024K, 2 young (2048K), 2 survivors (2048K)
 Metaspace       used 20671K, capacity 21073K, committed 21248K, reserved 534528K
  class space    used 2506K, capacity 2690K, committed 2816K, reserved 516096K
}
Event: 8.879 GC heap before
{Heap before GC invocations=4 (full 0):
 garbage-first heap   total 126976K, used 69721K [0x0000000080000000, 0x0000000100000000)
  region size 1024K, 54 young (55296K), 2 survivors (2048K)
 Metaspace       used 26320K, capacity 26953K, committed 27008K, reserved 540672K
  class space    used 3441K, capacity 3660K, committed 3712K, reserved 516096K
}
Event: 8.882 GC heap after
{Heap after GC invocations=5 (full 0):
 garbage-first heap   total 126976K, used 19246K [0x0000000080000000, 0x0000000100000000)
  region size 1024K, 4 young (4096K), 4 survivors (4096K)
 Metaspace       used 26320K, capacity 26953K, committed 27008K, reserved 540672K
  class space    used 3441K, capacity 3660K, committed 3712K, reserved 516096K
}
Event: 10.042 GC heap before
{Heap before GC invocations=5 (full 0):
 garbage-first heap   total 126976K, used 77614K [0x0000000080000000, 0x0000000100000000)
  region size 1024K, 61 young (62464K), 4 survivors (4096K)
 Metaspace       used 31952K, capacity 32660K, committed 32768K, reserved 544768K
  class space    used 4293K, capacity 4565K, committed 4608K, reserved 516096K
}
Event: 10.047 GC heap after
{Heap after GC invocations=6 (full 0):
 garbage-first heap   total 126976K, used 21199K [0x0000000080000000, 0x0000000100000000)
  region size 1024K, 6 young (6144K), 6 survivors (6144K)
 Metaspace       used 31952K, capacity 32660K, committed 32768K, reserved 544768K
  class space    used 4293K, capacity 4565K, committed 4608K, reserved 516096K
}
Event: 10.369 GC heap before
{Heap before GC invocations=6 (full 0):
 garbage-first heap   total 126976K, used 27343K [0x0000000080000000, 0x0000000100000000)
  region size 1024K, 13 young (13312K), 6 survivors (6144K)
 Metaspace       used 34920K, capacity 35703K, committed 35840K, reserved 548864K
  class space    used 4541K, capacity 4854K, committed 4864K, reserved 516096K
}
Event: 10.382 GC heap after
{Heap after GC invocations=7 (full 0):
 garbage-first heap   total 126976K, used 22591K [0x0000000080000000, 0x0000000100000000)
  region size 1024K, 6 young (6144K), 6 survivors (6144K)
 Metaspace       used 34920K, capacity 35703K, committed 35840K, reserved 548864K
  class space    used 4541K, capacity 4854K, committed 4864K, reserved 516096K
}
Event: 11.802 GC heap before
{Heap before GC invocations=8 (full 0):
 garbage-first heap   total 126976K, used 90175K [0x0000000080000000, 0x0000000100000000)
  region size 1024K, 69 young (70656K), 6 survivors (6144K)
 Metaspace       used 40333K, capacity 41269K, committed 41292K, reserved 552960K
  class space    used 5140K, capacity 5492K, committed 5504K, reserved 516096K
}
Event: 11.812 GC heap after
{Heap after GC invocations=9 (full 0):
 garbage-first heap   total 126976K, used 27907K [0x0000000080000000, 0x0000000100000000)
  region size 1024K, 9 young (9216K), 9 survivors (9216K)
 Metaspace       used 40333K, capacity 41269K, committed 41292K, reserved 552960K
  class space    used 5140K, capacity 5492K, committed 5504K, reserved 516096K
}
Event: 18.794 GC heap before
{Heap before GC invocations=9 (full 0):
 garbage-first heap   total 126976K, used 91395K [0x0000000080000000, 0x0000000100000000)
  region size 1024K, 70 young (71680K), 9 survivors (9216K)
 Metaspace       used 44651K, capacity 45815K, committed 45900K, reserved 557056K
  class space    used 5726K, capacity 6206K, committed 6272K, reserved 516096K
}
Event: 18.805 GC heap after
{Heap after GC invocations=10 (full 0):
 garbage-first heap   total 126976K, used 30712K [0x0000000080000000, 0x0000000100000000)
  region size 1024K, 4 young (4096K), 4 survivors (4096K)
 Metaspace       used 44651K, capacity 45815K, committed 45900K, reserved 557056K
  class space    used 5726K, capacity 6206K, committed 6272K, reserved 516096K
}
Event: 19.841 GC heap before
{Heap before GC invocations=10 (full 0):
 garbage-first heap   total 126976K, used 93176K [0x0000000080000000, 0x0000000100000000)
  region size 1024K, 65 young (66560K), 4 survivors (4096K)
 Metaspace       used 49376K, capacity 50686K, committed 51020K, reserved 561152K
  class space    used 6428K, capacity 6953K, committed 7040K, reserved 516096K
}
Event: 19.847 GC heap after
{Heap after GC invocations=11 (full 0):
 garbage-first heap   total 126976K, used 32232K [0x0000000080000000, 0x0000000100000000)
  region size 1024K, 5 young (5120K), 5 survivors (5120K)
 Metaspace       used 49376K, capacity 50686K, committed 51020K, reserved 561152K
  class space    used 6428K, capacity 6953K, committed 7040K, reserved 516096K
}

